Performance Statistics   2014-08-25 21:08:50 - 2014-08-25 21:09:00
Tag                                                  Avg(ms)         Min         Max     Std Dev       Count
producePartition                                      3803.0        3803        3803         0.0           1

Performance Statistics   2014-08-25 21:09:00 - 2014-08-25 21:09:10
Tag                                                  Avg(ms)         Min         Max     Std Dev       Count
producePartition                                       572.5         180         965       392.5           2
producePrograms                                        441.3          23         857       340.5           3

Performance Statistics   2014-08-25 21:09:10 - 2014-08-25 21:09:20
Tag                                                  Avg(ms)         Min         Max     Std Dev       Count
producePartition                                       726.5         146        1577       600.4           4
producePrograms                                        615.0         397         879       195.3           4

Performance Statistics   2014-08-25 21:09:20 - 2014-08-25 21:09:30
Tag                                                  Avg(ms)         Min         Max     Std Dev       Count
producePartition                                      2380.0        1942        2818       438.0           2
producePrograms                                       1070.0         643        1497       427.0           2

Performance Statistics   2014-08-25 21:09:30 - 2014-08-25 21:09:40
Tag                                                  Avg(ms)         Min         Max     Std Dev       Count
producePartition                                      2929.5        2878        2981        51.5           2
producePrograms                                        895.0         694        1096       201.0           2

Performance Statistics   2014-08-25 21:09:40 - 2014-08-25 21:09:50
Tag                                                  Avg(ms)         Min         Max     Std Dev       Count
producePartition                                      1662.0        1206        2118       456.0           2
producePrograms                                       1384.0        1314        1454        70.0           2

Performance Statistics   2014-08-25 21:09:50 - 2014-08-25 21:10:00
Tag                                                  Avg(ms)         Min         Max     Std Dev       Count
producePartition                                       356.8           8        1408       486.5           6
producePrograms                                        270.4           7         462       167.0           5

Performance Statistics   2014-08-25 21:10:00 - 2014-08-25 21:10:10
Tag                                                  Avg(ms)         Min         Max     Std Dev       Count
producePartition                                      1738.7         805        2898       869.2           3
producePrograms                                        732.7         635         824        77.3           3

Performance Statistics   2014-08-25 21:10:10 - 2014-08-25 21:10:20
Tag                                                  Avg(ms)         Min         Max     Std Dev       Count
producePartition                                      3393.5        2853        3934       540.5           2
producePrograms                                        660.0         550         770       110.0           2

Performance Statistics   2014-08-25 21:10:20 - 2014-08-25 21:10:30
Tag                                                  Avg(ms)         Min         Max     Std Dev       Count
producePartition                                      1628.5        1417        1840       211.5           2
producePrograms                                       1233.0         993        1473       240.0           2

Performance Statistics   2014-08-25 21:10:30 - 2014-08-25 21:10:40
Tag                                                  Avg(ms)         Min         Max     Std Dev       Count
adaptive_producePartition                              129.3          27         305       105.8           4
adaptive_produceProgram                                210.3           3         421       153.3           4
producePrograms                                       1348.0        1348        1348         0.0           1

Performance Statistics   2014-08-25 21:10:40 - 2014-08-25 21:10:50
Tag                                                  Avg(ms)         Min         Max     Std Dev       Count
adaptive_producePartition                              915.8         152        1781       578.8           4
adaptive_produceProgram                                739.7         577         917       139.2           3

Performance Statistics   2014-08-25 21:10:50 - 2014-08-25 21:11:00
Tag                                                  Avg(ms)         Min         Max     Std Dev       Count
adaptive_producePartition                             3443.0        3075        3811       368.0           2
adaptive_produceProgram                                680.5         599         762        81.5           2

Performance Statistics   2014-08-25 21:11:00 - 2014-08-25 21:11:10
Tag                                                  Avg(ms)         Min         Max     Std Dev       Count
adaptive_producePartition                             2008.0        1900        2116       108.0           2
adaptive_produceProgram                                716.0         371        1061       345.0           2

Performance Statistics   2014-08-25 21:11:10 - 2014-08-25 21:11:20
Tag                                                  Avg(ms)         Min         Max     Std Dev       Count
adaptive_producePartition                             1617.0        1617        1617         0.0           1
adaptive_produceProgram                               1385.5        1275        1496       110.5           2

