Performance Statistics   2014-08-27 22:00:00 - 2014-08-27 22:16:40
Tag                                                  Avg(ms)         Min         Max     Std Dev       Count
Adpative_toProgram2                                     24.5           4          49        16.2           4
adaptive_main                                        22654.5       19103       26206      3551.5           2
adaptive_producePartition                            22645.5       19094       26197      3551.5           2
adaptive_produceProgram                                  7.5           6           9         1.5           2
main                                                 14798.5       14360       15237       438.5           2
producePartition                                     14613.0       14271       14955       342.0           2
producePrograms                                        184.5          88         281        96.5           2
toProgram1                                              58.5          55          62         2.7           4

Performance Statistics   2014-08-27 22:16:40 - 2014-08-27 22:33:20
Tag                                                  Avg(ms)         Min         Max     Std Dev       Count
adaptive_main                                        19143.5       13925       24362      5218.5           2
adaptive_producePartition                             3178.5         876        5481      2302.5           2
adaptive_produceProgram                              15963.5       13048       18879      2915.5           2
main                                                  7050.0         913       13187      6137.0           2
producePartition                                       445.0         307         583       138.0           2
producePrograms                                       6604.0         329       12879      6275.0           2

Performance Statistics   2014-08-27 22:16:40 - 2014-08-27 22:33:20
Tag                                                  Avg(ms)         Min         Max     Std Dev       Count
adaptive_main                                        14491.0       13259       15723      1232.0           2
adaptive_producePartition                              257.0         227         287        30.0           2
adaptive_produceProgram                              14234.0       13032       15436      1202.0           2
main                                                 13897.5        2536       25259     11361.5           2
producePartition                                      3542.0        1442        5642      2100.0           2
producePrograms                                      10354.0        1093       19615      9261.0           2

Performance Statistics   2014-08-27 22:50:00 - 2014-08-27 23:06:40
Tag                                                  Avg(ms)         Min         Max     Std Dev       Count
Adpative_toProgram2                                     35.5           6          69        22.6           4
adaptive_main                                        15109.5        9546       20673      5563.5           2
adaptive_producePartition                            15093.5        9533       20654      5560.5           2
adaptive_produceProgram                                 16.0          13          19         3.0           2
main                                                  4942.5        1813        8072      3129.5           2
producePartition                                      4425.5        1326        7525      3099.5           2
producePrograms                                        514.5         487         542        27.5           2

Performance Statistics   2014-08-27 22:50:00 - 2014-08-27 23:06:40
Tag                                                  Avg(ms)         Min         Max     Std Dev       Count
Adpative_toProgram2                                     49.5           8         129        46.9           4
adaptive_main                                          456.0         235         677       221.0           2
adaptive_producePartition                              445.0         227         663       218.0           2
adaptive_produceProgram                                 10.0           7          13         3.0           2
main                                                  3784.5        1444        6125      2340.5           2
producePartition                                      3327.0         991        5663      2336.0           2
producePrograms                                        456.5         452         461         4.5           2

Performance Statistics   2014-08-27 22:50:00 - 2014-08-27 23:06:40
Tag                                                  Avg(ms)         Min         Max     Std Dev       Count
Adpative_toProgram2                                     20.5           4          41        13.8           4
adaptive_main                                          275.3         150         478       144.6           3
adaptive_producePartition                              269.3         146         469       142.5           3
adaptive_produceProgram                                  6.0           4           9         2.2           3
main                                                  1553.7         154        6486      1726.1          10
producePartition                                      1069.2          56        5913      1645.8          10
producePrograms                                        483.7          79         973       269.1          10
toProgram1                                              84.1           0         336       110.4          20

Performance Statistics   2014-08-27 23:06:40 - 2014-08-27 23:23:20
Tag                                                  Avg(ms)         Min         Max     Std Dev       Count
Adpative_toProgram2                                     23.5           4          45        15.5           4
adaptive_main                                          305.0         200         503       140.1           3
adaptive_producePartition                              294.0         192         486       135.9           3
adaptive_produceProgram                                 10.3           7          16         4.0           3
main                                                  1788.9         188        6467      1663.2          10
producePartition                                      1146.3          74        5994      1642.9          10
producePrograms                                        640.7         113        1454       410.0          10
toProgram1                                             111.9           0         393       134.6          20

Performance Statistics   2014-08-27 23:06:40 - 2014-08-27 23:23:20
Tag                                                  Avg(ms)         Min         Max     Std Dev       Count
Adpative_toProgram2                                     25.5           1         117        26.0          20
adaptive_main                                          355.2         123         669       158.9          21
adaptive_producePartition                              277.1         119         657       137.4          21
adaptive_produceProgram                                 77.4           3         258        82.3          21
main                                                   954.9         131        6558      1164.5          28
producePartition                                       604.6          53        6025      1074.3          28
producePrograms                                        349.5          73         955       227.6          28
toProgram1                                              77.8           0         331        89.4          50

Performance Statistics   2014-08-27 23:23:20 - 2014-08-27 23:40:00
Tag                                                  Avg(ms)         Min         Max     Std Dev       Count
Adpative_toProgram2                                     15.9           1          37        10.2          36
adaptive_main                                          405.1         119         755       206.8          15
adaptive_producePartition                              367.5         115         618       169.2          15
adaptive_produceProgram                                 37.0           2         213        67.0          15
main                                                  1309.0         115        6940      1463.2          21
producePartition                                      1063.2          61        6504      1373.2          21
producePrograms                                        245.1          50         506       142.6          21

Performance Statistics   2014-08-27 23:23:20 - 2014-08-27 23:40:00
Tag                                                  Avg(ms)         Min         Max     Std Dev       Count
Adpative_toProgram2                                     23.2           1         516        45.5         131
adaptive_main                                         1459.5         310        3004       722.6          45
adaptive_producePartition                             1416.9         306        2869       682.5          45
adaptive_produceProgram                                 41.9           3         467        91.2          45
main                                                  2667.2         249       10788      2269.0          46
producePartition                                      2167.4         153        8785      1933.7          46
producePrograms                                        499.3          89        2002       363.5          46

Performance Statistics   2014-08-27 23:23:20 - 2014-08-27 23:40:00
Tag                                                  Avg(ms)         Min         Max     Std Dev       Count
Adpative_toProgram2                                     18.9           1          93        16.1          47
adaptive_main                                         1149.9         312        2017       506.9          21
adaptive_producePartition                             1133.4         307        1998       501.7          21
adaptive_produceProgram                                 16.0           4          31         7.0          21
main                                                  1917.8         284        7440      1499.9          27
producePartition                                      1532.0         166        6781      1366.4          27
producePrograms                                        385.2         101         819       173.0          27

Performance Statistics   2014-08-27 23:23:20 - 2014-08-27 23:40:00
Tag                                                  Avg(ms)         Min         Max     Std Dev       Count
Adpative_toProgram2                                     22.5           3          50        17.4           4
adaptive_main                                          714.3         448        1036       253.6           4
adaptive_producePartition                              697.3         439        1017       248.2           4
adaptive_produceProgram                                 16.5           8          27         7.2           4
main                                                  2139.3         351        7061      2127.1           7
producePartition                                      1691.4         190        6528      2040.5           7
producePrograms                                        447.0         161         755       190.6           7

Performance Statistics   2014-08-27 23:40:00 - 2014-08-27 23:56:40
Tag                                                  Avg(ms)         Min         Max     Std Dev       Count
adaptive_main                                          129.0         129         129         0.0           1
adaptive_producePartition                              120.0         120         120         0.0           1
adaptive_produceProgram                                  8.0           8           8         0.0           1
main                                                  3916.0         124        7708      3792.0           2
producePartition                                      3609.0          80        7138      3529.0           2
producePrograms                                        305.5          43         568       262.5           2

Performance Statistics   2014-08-27 23:40:00 - 2014-08-27 23:56:40
Tag                                                  Avg(ms)         Min         Max     Std Dev       Count
Adpative_toProgram2                                     39.7          12          54        19.6           3
adaptive_main                                          195.3          59         381       118.1           4
adaptive_producePartition                              180.8          52         358       112.0           4
adaptive_produceProgram                                 14.0           6          23         6.8           4
main                                                  1497.0         140        6418      2462.7           5
producePartition                                      1323.6          50        5926      2303.0           5
producePrograms                                        172.4          47         490       160.6           5

Performance Statistics   2014-08-27 23:40:00 - 2014-08-27 23:56:40
Tag                                                  Avg(ms)         Min         Max     Std Dev       Count
Adpative_toProgram2                                     51.7          23          72        20.9           3
adaptive_main                                          209.3          52         524       184.6           4
adaptive_producePartition                              196.5          45         503       179.6           4
adaptive_produceProgram                                 12.3           6          21         5.5           4
main                                                  1475.8          67        6599      2563.5           5
producePartition                                      1322.8          36        6124      2402.0           5
producePrograms                                        151.6          30         473       162.3           5

Performance Statistics   2014-08-27 23:40:00 - 2014-08-27 23:56:40
Tag                                                  Avg(ms)         Min         Max     Std Dev       Count
Adpative_toProgram2                                     37.0           7          55        21.4           3
adaptive_main                                          172.5          56         346       106.7           4
adaptive_producePartition                              162.3          48         331       104.1           4
adaptive_produceProgram                                  9.3           7          14         2.9           4
main                                                  1472.6         129        6351      2441.6           5
producePartition                                      1314.0          50        5858      2274.0           5
producePrograms                                        157.4          30         491       168.9           5

Performance Statistics   2014-08-27 23:40:00 - 2014-08-27 23:56:40
Tag                                                  Avg(ms)         Min         Max     Std Dev       Count
Adpative_toProgram2                                     21.6           1         110        15.9         689
adaptive_main                                         1239.5          54        4756       938.1         233
adaptive_producePartition                             1176.0          46        4730       895.0         233
adaptive_produceProgram                                 62.9           3         869       143.5         233
main                                                  2087.1         103       15095      2401.5         236
producePartition                                      1698.3          48       12936      2060.9         236
producePrograms                                        388.1          33        2720       367.4         236

Performance Statistics   2014-08-27 23:56:40 - 2014-08-28 00:13:20
Tag                                                  Avg(ms)         Min         Max     Std Dev       Count
Adpative_toProgram2                                     27.2           1         169        19.5         430
adaptive_main                                         2614.3         451        8193      1268.7         119
adaptive_producePartition                             2415.4         446        7762      1171.6         119
adaptive_produceProgram                                198.2           4        2274       371.7         119
main                                                  5272.5         331       19092      4329.4         128
producePartition                                      4497.8         222       17725      3931.9         129
producePrograms                                        877.4         108        2704       610.5         128

Performance Statistics   2014-08-28 00:13:20 - 2014-08-28 00:30:00
Tag                                                  Avg(ms)         Min         Max     Std Dev       Count
Adpative_toProgram2                                     24.7           1          83        16.0         460
adaptive_main                                         2823.2         458        7840      1614.2         118
adaptive_producePartition                             2722.2         453        7779      1607.3         118
adaptive_produceProgram                                100.3           4        1065       201.8         118
main                                                  6046.7         374       28802      6275.5         112
producePartition                                      5010.8         233       25797      5435.7         112
producePrograms                                        927.2         123        3918       855.9         112

Performance Statistics   2014-08-28 00:30:00 - 2014-08-28 00:46:40
Tag                                                  Avg(ms)         Min         Max     Std Dev       Count
Adpative_toProgram2                                     22.6           1          90        13.6         396
adaptive_main                                         3465.2         552        7131      1531.3          87
adaptive_producePartition                             3328.4         545        6233      1494.1          87
adaptive_produceProgram                                136.2           6        1055       265.4          87
main                                                  8233.4         418       26689      6639.3          85
producePartition                                      7099.1         270       23925      5958.2          84
producePrograms                                       1150.9         129        3323       796.0          85

Performance Statistics   2014-08-28 00:46:40 - 2014-08-28 01:03:20
Tag                                                  Avg(ms)         Min         Max     Std Dev       Count
Adpative_toProgram2                                     22.1           1          70        13.7         367
adaptive_main                                         3424.9         585        6442      1696.2          94
adaptive_producePartition                             3320.3         580        6390      1703.7          94
adaptive_produceProgram                                104.0           5         960       215.5          94
main                                                  6853.1         449       26018      6200.3          99
producePartition                                      5936.2         291       23483      5505.8         100
producePrograms                                        975.2         132        3090       760.6          99

Performance Statistics   2014-08-28 01:03:20 - 2014-08-28 01:20:00
Tag                                                  Avg(ms)         Min         Max     Std Dev       Count
Adpative_toProgram2                                     20.6           1          83        13.4         319
adaptive_main                                         3691.2         644        7261      1862.2          84
adaptive_producePartition                             3588.6         639        7208      1864.3          84
adaptive_produceProgram                                102.1           5        1054       216.6          84
main                                                  8177.8         478       32109      7888.1          84
producePartition                                      7099.6         333       29090      7075.2          84
producePrograms                                       1138.0         142        3717       964.0          84

Performance Statistics   2014-08-28 01:20:00 - 2014-08-28 01:36:40
Tag                                                  Avg(ms)         Min         Max     Std Dev       Count
Adpative_toProgram2                                     25.8           1        1050        73.1         203
adaptive_main                                         4787.4         664        7592      1941.6          50
adaptive_producePartition                             4687.2         658        7548      1971.2          50
adaptive_produceProgram                                 99.7           5        1095       203.1          50
main                                                 13464.9         500       31436      9356.5          56
producePartition                                     12028.6         355       35093      8849.0          56
producePrograms                                       1761.6         144        4415      1229.4          56

Performance Statistics   2014-08-28 01:36:40 - 2014-08-28 01:53:20
Tag                                                  Avg(ms)         Min         Max     Std Dev       Count
Adpative_toProgram2                                     19.6           1          97        13.7         324
adaptive_main                                         4264.9         715        8049      2230.5          86
adaptive_producePartition                             4099.9         709        7920      2226.3          86
adaptive_produceProgram                                164.4           5        1623       311.4          86
main                                                  8689.9         522       39547      9389.7          74
producePartition                                      7104.9         373       35212      7932.5          74
producePrograms                                       1144.8         149        4393       995.5          74

Performance Statistics   2014-08-28 01:53:20 - 2014-08-28 02:10:00
Tag                                                  Avg(ms)         Min         Max     Std Dev       Count
Adpative_toProgram2                                     26.5           1        1519        97.9         237
adaptive_main                                         5563.7         773        8367      2216.5          50
adaptive_producePartition                             5380.0         766        8295      2282.9          50
adaptive_produceProgram                                183.2           6        1174       326.8          50
main                                                 12812.9         563       34439      9548.3          56
producePartition                                     11460.9         389       31439      8575.8          56
producePrograms                                       1602.4         164        4299      1034.3          56

Performance Statistics   2014-08-28 02:10:00 - 2014-08-28 02:26:40
Tag                                                  Avg(ms)         Min         Max     Std Dev       Count
Adpative_toProgram2                                     22.9           2          75        14.4         160
adaptive_main                                         6658.0         983        9856      2567.7          31
adaptive_producePartition                             6464.6         976        9789      2658.3          31
adaptive_produceProgram                                192.7           7        1464       366.4          31
main                                                 20152.9         570       43979     12909.4          38
producePartition                                     18671.9         400       39667     12288.1          38
producePrograms                                       2044.7         165        4815      1206.0          38

Performance Statistics   2014-08-28 02:26:40 - 2014-08-28 02:43:20
Tag                                                  Avg(ms)         Min         Max     Std Dev       Count
Adpative_toProgram2                                     21.2           1          82        14.6         297
adaptive_main                                         4791.4         868       11905      2684.3          83
adaptive_producePartition                             4710.6         862       10390      2630.0          83
adaptive_produceProgram                                 80.2           6        1733       252.1          83
main                                                  8632.1         610       47704      8897.7          73
producePartition                                      7034.1         430       42888      7126.7          73
producePrograms                                       1211.3         171        4815       976.7          73

Performance Statistics   2014-08-28 02:43:20 - 2014-08-28 03:00:00
Tag                                                  Avg(ms)         Min         Max     Std Dev       Count
Adpative_toProgram2                                     20.7           1          83        14.3         184
adaptive_main                                         6262.6         818       10967      2811.1          39
adaptive_producePartition                             6176.4         811        9515      2731.9          39
adaptive_produceProgram                                 85.7           6        1608       248.3          39
main                                                 16232.4         623       40830     10914.2          46
producePartition                                     14384.7         444       35659      9852.8          46
producePrograms                                       2269.5         168        5184      1393.9          46

Performance Statistics   2014-08-28 03:00:00 - 2014-08-28 03:16:40
Tag                                                  Avg(ms)         Min         Max     Std Dev       Count
Adpative_toProgram2                                     40.8           4        1898       170.8         178
adaptive_main                                        10548.8        1002       57326     10557.5          31
adaptive_producePartition                            10318.9         995       57238     10397.6          31
adaptive_produceProgram                                229.4           7        1475       466.5          31
main                                                 20722.7         622       47899     14135.8          32
producePartition                                     18564.4         455       43805     13082.5          32
producePrograms                                       2396.0         166        5130      1418.2          32

Performance Statistics   2014-08-28 03:16:40 - 2014-08-28 03:33:20
Tag                                                  Avg(ms)         Min         Max     Std Dev       Count
Adpative_toProgram2                                    123.6           1        2071       370.7         113
adaptive_main                                        20105.2         892       69854     25101.4          19
adaptive_producePartition                            19590.1         885       68350     24536.0          19
adaptive_produceProgram                                514.6           6        1853       701.8          19
main                                                 29031.0        1286       55432     17838.3          22
producePartition                                     25329.9        1106       51102     16585.9          21
producePrograms                                       3171.7         179        5236      1635.2          22

Performance Statistics   2014-08-28 03:33:20 - 2014-08-28 03:50:00
Tag                                                  Avg(ms)         Min         Max     Std Dev       Count
Adpative_toProgram2                                    286.3           1        2841       634.3         119
adaptive_main                                        52383.2         964      255528     75806.7          19
adaptive_producePartition                            51624.4         957      251105     74745.6          19
adaptive_produceProgram                                758.0           6        4422      1214.5          19
main                                                  1480.6         703        2348       719.0           5
producePartition                                      1158.2         482        1873       600.9           5
producePrograms                                        321.8         217         475       124.7           5

Performance Statistics   2014-08-28 03:50:00 - 2014-08-28 04:06:40
Tag                                                  Avg(ms)         Min         Max     Std Dev       Count
Adpative_toProgram2                                     21.5           2          63        12.8         210
adaptive_main                                         4898.9        1029        8622      2342.0          63
adaptive_producePartition                             4863.5        1021        8562      2325.0          63
adaptive_produceProgram                                 34.8           6          92        21.1          63
main                                                  9488.9         684       28424      7410.0          71
producePartition                                      8377.9         472       26392      6905.4          72
producePrograms                                       1363.9         182        4000       907.3          71

Performance Statistics   2014-08-28 04:06:40 - 2014-08-28 04:23:20
Tag                                                  Avg(ms)         Min         Max     Std Dev       Count
Adpative_toProgram2                                     28.8           2        1288        96.2         175
adaptive_main                                         7492.8        1031       29444      4616.4          39
adaptive_producePartition                             7440.7        1024       29354      4597.0          39
adaptive_produceProgram                                 51.5           7         106        27.1          39
main                                                 17659.8         684       40543     12060.9          41
producePartition                                     15733.6         477       35920     11124.6          41
producePrograms                                       2144.6         179        4997      1393.4          41

Performance Statistics   2014-08-28 04:23:20 - 2014-08-28 04:40:00
Tag                                                  Avg(ms)         Min         Max     Std Dev       Count
Adpative_toProgram2                                     57.0           3        1321       206.9          75
adaptive_main                                        14168.1        1146       48949     14191.7          15
adaptive_producePartition                            14019.4        1138       48856     14061.8          15
adaptive_produceProgram                                148.1           7        1526       369.0          15
main                                                 23198.3        1236       48094     20569.2           6
producePartition                                   2483597.3        1052    14813375   5514071.4           6
producePrograms                                       2601.0         183        5125      2079.6           6

Performance Statistics   2014-08-28 08:33:20 - 2014-08-28 08:50:00
Tag                                                  Avg(ms)         Min         Max     Std Dev       Count
Adpative_toProgram2                                    121.5           3        2087       379.1          77
adaptive_main                                        28892.6        1245      116780     40934.6          15
adaptive_producePartition                            28457.1        1235      114622     40158.7          15
adaptive_produceProgram                                434.7           9        2228       786.1          15
main                                               1169336.2       13339    14814959   3939174.4          13
producePartition                                     28451.3       11533       51482     12800.9          12
producePrograms                                       3582.6        1583        5553      1349.0          13

Performance Statistics   2014-08-28 08:50:00 - 2014-08-28 09:06:40
Tag                                                  Avg(ms)         Min         Max     Std Dev       Count
Adpative_toProgram2                                    117.2           1        2091       382.5          77
adaptive_main                                        32190.6         993      167955     52054.6          14
adaptive_producePartition                            31839.4         986      166471     51513.8          14
adaptive_produceProgram                                350.6           6        1504       589.7          14
main                                                 27632.9        1214       55818     19222.7          17
producePartition                                     24606.5        1023       52909     17717.3          17
producePrograms                                       3025.6         190        6687      1856.5          17

Performance Statistics   2014-08-28 09:06:40 - 2014-08-28 09:23:20
Tag                                                  Avg(ms)         Min         Max     Std Dev       Count
Adpative_toProgram2                                   2354.0          46        5592      1656.9           8
adaptive_main                                       222622.5      152042      293203     70580.5           2
adaptive_producePartition                           218796.5      149819      287774     68977.5           2
adaptive_produceProgram                               3825.0        2222        5428      1603.0           2

Performance Statistics   2014-08-28 09:23:20 - 2014-08-28 09:40:00
Tag                                                  Avg(ms)         Min         Max     Std Dev       Count
Adpative_toProgram2                                   6774.5        6738        6811        36.5           2
adaptive_main                                       719736.0      719736      719736         0.0           1
adaptive_producePartition                           710108.0      710108      710108         0.0           1
adaptive_produceProgram                               9628.0        9628        9628         0.0           1

Performance Statistics   2014-08-28 10:30:00 - 2014-08-28 10:46:40
Tag                                                  Avg(ms)         Min         Max     Std Dev       Count
Adpative_toProgram2                                     22.6           1         799        33.7         636
adaptive_main                                         1653.1         264        4093       907.0         187
adaptive_producePartition                             1555.9         260        4061       848.4         187
adaptive_produceProgram                                 96.5           3         817       191.2         187
main                                                  3174.0         209       20357      3234.6         192
producePartition                                      2611.8         130       15604      2747.0         193
producePrograms                                        567.2          66        5233       541.4         192

Performance Statistics   2014-08-28 10:46:40 - 2014-08-28 11:03:20
Tag                                                  Avg(ms)         Min         Max     Std Dev       Count
Adpative_toProgram2                                     21.6           1          79        14.0         450
adaptive_main                                         2598.6         450        4767      1182.2         121
adaptive_producePartition                             2475.5         445        4739      1167.5         121
adaptive_produceProgram                                122.3           4        1081       227.7         121
main                                                  5772.4         347       21279      4999.3         119
producePartition                                      4914.1         218       17865      4426.9         118
producePrograms                                        867.8         110        3414       657.9         119

Performance Statistics   2014-08-28 11:03:20 - 2014-08-28 11:20:00
Tag                                                  Avg(ms)         Min         Max     Std Dev       Count
Adpative_toProgram2                                     24.3           1         104        15.6         132
adaptive_main                                         3604.9         545        5237      1318.5          27
adaptive_producePartition                             3517.0         538        5201      1338.9          27
adaptive_produceProgram                                 87.3           6         980       189.4          27
main                                                 10501.7         407       24462      8098.7          25
producePartition                                      9018.9         278       22012      7169.6          25
producePrograms                                       1482.1         128        3373      1075.3          25

Performance Statistics   2014-08-28 13:00:00 - 2014-08-28 13:16:40
Tag                                                  Avg(ms)         Min         Max     Std Dev       Count
Adpative_toProgram2                                     15.8           1          59        12.6          57
adaptive_main                                         1363.3         382        2507       676.5          21
adaptive_producePartition                             1270.5         377        2477       606.0          21
adaptive_produceProgram                                 92.0           4         507       163.4          21
main                                                  2107.2         306        6584      1571.8          25
producePartition                                      1756.3         201        6096      1435.7          26
producePrograms                                        401.1         105         728       190.8          25

Performance Statistics   2014-08-28 13:16:40 - 2014-08-28 13:33:20
Tag                                                  Avg(ms)         Min         Max     Std Dev       Count
Adpative_toProgram2                                     22.8           1          89        14.9         186
adaptive_main                                         2311.2         371        4358       975.2          45
adaptive_producePartition                             2171.5         366        4307       961.3          45
adaptive_produceProgram                                139.2           4         750       219.3          45
main                                                  5423.9         322       14314      4042.1          42
producePartition                                      4603.8         196       12073      3512.7          41
producePrograms                                        856.9         106        2241       593.5          42

Performance Statistics   2014-08-28 15:13:20 - 2014-08-28 15:30:00
Tag                                                  Avg(ms)         Min         Max     Std Dev       Count
Adpative_toProgram2                                     25.6           2         224        46.1          26
adaptive_main                                          207.0           1         985       246.8          64
adaptive_producePartition                               74.0           0         446       105.8          64
adaptive_produceProgram                                132.2           1         763       203.2          64
main                                                   314.5           1        6116       608.7         130
producePartition                                       147.9           0        5788       528.5         130
producePrograms                                        165.8           1        1072       234.0         130
toProgram1                                              11.0           0          51        12.1         120

Performance Statistics   2014-08-28 15:30:00 - 2014-08-28 15:46:40
Tag                                                  Avg(ms)         Min         Max     Std Dev       Count
Adpative_toProgram2                                      9.5           7          12         2.5           2
adaptive_main                                         1592.0         226        4280      1900.8           3
adaptive_producePartition                             1568.0         174        4274      1913.7           3
adaptive_produceProgram                                 23.7           5          52        20.4           3

Performance Statistics   2014-08-28 15:30:00 - 2014-08-28 15:46:40
Tag                                                  Avg(ms)         Min         Max     Std Dev       Count
Adpative_toProgram2                                      5.0           4           6         1.0           2
adaptive_main                                           57.3          36          81        18.4           3
adaptive_producePartition                               41.3          27          50        10.2           3
adaptive_produceProgram                                 15.7           8          30        10.1           3
main                                                   732.2          49        3784      1366.2           6
producePartition                                       651.3          33        3443      1249.5           6
producePrograms                                         79.8          15         339       116.3           6

Performance Statistics   2014-08-28 15:30:00 - 2014-08-28 15:46:40
Tag                                                  Avg(ms)         Min         Max     Std Dev       Count
Adpative_toProgram2                                      4.5           4           5         0.5           2
adaptive_main                                           52.0          13          98        35.1           3
adaptive_producePartition                               39.7          11          71        24.6           3
adaptive_produceProgram                                 12.0           2          27        10.8           3
main                                                   748.8          40        3862      1393.7           6
producePartition                                       668.2          26        3526      1279.3           6
producePrograms                                         79.7          13         334       114.1           6

Performance Statistics   2014-08-28 15:46:40 - 2014-08-28 16:03:20
Tag                                                  Avg(ms)         Min         Max     Std Dev       Count
Adpative_toProgram2                                      4.5           3           6         1.5           2
adaptive_main                                           75.5          22         129        53.5           2
adaptive_producePartition                               69.5          19         120        50.5           2
adaptive_produceProgram                                  5.5           3           8         2.5           2
main                                                  1153.5          49        3735      1510.3           4
producePartition                                      1037.8          18        3396      1381.9           4
producePrograms                                        115.3          31         338       128.8           4

Performance Statistics   2014-08-28 15:46:40 - 2014-08-28 16:03:20
Tag                                                  Avg(ms)         Min         Max     Std Dev       Count
Adpative_toProgram2                                     54.5           7         125        49.9           4
adaptive_main                                          477.6          21         738       263.5           5
adaptive_producePartition                               99.0          17         194        60.8           5
adaptive_produceProgram                                378.0           3         638       225.0           5
main                                                  1008.5          21        3755       982.1          10
producePartition                                       489.1           9        3423       982.2          10
producePrograms                                        518.8          12        1099       285.7          10
toProgram1                                              10.1           3          25         5.6          16

Performance Statistics   2014-08-28 16:03:20 - 2014-08-28 16:20:00
Tag                                                  Avg(ms)         Min         Max     Std Dev       Count
adaptive_main                                          414.0         414         414         0.0           1
adaptive_producePartition                              411.0         411         411         0.0           1
adaptive_produceProgram                                  2.0           2           2         0.0           1
main                                                  2318.0         373        6373      2371.7           4
producePartition                                      2232.0         361        6126      2278.0           4
producePrograms                                         85.3          11         245        93.1           4

Performance Statistics   2014-08-28 16:03:20 - 2014-08-28 16:20:00
Tag                                                  Avg(ms)         Min         Max     Std Dev       Count
Adpative_toProgram2                                     15.0          15          15         0.0           1
adaptive_main                                         1013.0         439        1587       574.0           2
adaptive_producePartition                             1007.5         436        1579       571.5           2
adaptive_produceProgram                                  4.5           2           7         2.5           2
main                                                  2490.5         696        6767      2482.6           4
producePartition                                      2403.5         682        6529      2394.7           4
producePrograms                                         86.3          14         236        87.5           4

Performance Statistics   2014-08-28 16:03:20 - 2014-08-28 16:20:00
Tag                                                  Avg(ms)         Min         Max     Std Dev       Count
Adpative_toProgram2                                     16.0          16          16         0.0           1
adaptive_main                                          951.0         408        1494       543.0           2
adaptive_producePartition                              946.0         406        1486       540.0           2
adaptive_produceProgram                                  4.5           2           7         2.5           2
main                                                  2398.3         364        6597      2458.8           4
producePartition                                      2309.8         349        6347      2364.9           4
producePrograms                                         87.3          14         248        93.6           4

Performance Statistics   2014-08-28 21:36:40 - 2014-08-28 21:53:20
Tag                                                  Avg(ms)         Min         Max     Std Dev       Count
Adpative_toProgram2                                     18.4           1          76        14.5         146
adaptive_main                                         1154.9         159        3016       726.9          50
adaptive_producePartition                             1081.3         155        2995       683.4          50
adaptive_produceProgram                                 73.0           3         511       136.7          50
main                                                  1845.7         173        7024      1439.6          51
producePartition                                      1491.5          75        6512      1291.8          51
producePrograms                                        353.5          94         788       180.7          51

Performance Statistics   2014-08-28 21:53:20 - 2014-08-28 22:10:00
Tag                                                  Avg(ms)         Min         Max     Std Dev       Count
Adpative_toProgram2                                     26.1           1         865        90.2          89
adaptive_main                                         3542.9        1057        7212      1882.3          34
adaptive_producePartition                             3516.9        1049        7166      1869.7          34
adaptive_produceProgram                                 25.5           7          94        16.3          34
main                                                  5821.6         709       17654      4512.8          37
producePartition                                      4825.9         517       14672      3888.4          37
producePrograms                                        995.0         192        3300       683.8          37

Performance Statistics   2014-08-28 21:53:20 - 2014-08-28 22:10:00
Tag                                                  Avg(ms)         Min         Max     Std Dev       Count
main                                                 10820.4        2316       24113      6596.2          10
producePartition                                     10414.9        1193       22030      6760.1          11
producePrograms                                       1566.0         503        2805       730.5          10

Performance Statistics   2014-08-28 22:10:00 - 2014-08-28 22:26:40
Tag                                                  Avg(ms)         Min         Max     Std Dev       Count
Adpative_toProgram2                                    149.4           3        2553       451.2          70
adaptive_main                                        14483.8        1219       80367     22343.2          10
adaptive_producePartition                            14316.0        1210       79030     21957.2          10
adaptive_produceProgram                                167.1           8        1336       390.0          10
main                                                 49018.3       25382       70914     13632.4          10
producePartition                                     47075.0       31237       66356     11602.2           9
producePrograms                                       4446.8        2448        5818      1089.1          10

Performance Statistics   2014-08-28 22:26:40 - 2014-08-28 22:43:20
Tag                                                  Avg(ms)         Min         Max     Std Dev       Count
main                                                 17867.9        2137       38294     11476.6          15
producePartition                                     16750.9         991       40176     11746.4          16
producePrograms                                       2677.7         411       10864      2385.6          15

Performance Statistics   2014-08-28 22:43:20 - 2014-08-28 23:00:00
Tag                                                  Avg(ms)         Min         Max     Std Dev       Count
Adpative_toProgram2                                    122.8           2        9396       858.6         118
adaptive_main                                        17654.2        1323       75013     18324.6          19
adaptive_producePartition                            17586.9        1317       74947     18320.8          19
adaptive_produceProgram                                 66.6           6         139        37.2          19
main                                                 54353.2       44508       64823      7339.5           5
producePartition                                     52277.3       45177       59203      5710.8           4
producePrograms                                       4495.4        3736        5619       640.4           5

Performance Statistics   2014-08-28 23:33:20 - 2014-08-28 23:50:00
Tag                                                  Avg(ms)         Min         Max     Std Dev       Count
Adpative_toProgram2                                     38.7           2         117        25.6         118
adaptive_main                                         9553.6        1052       21552      4981.9          19
adaptive_producePartition                             9485.2        1045       21486      4959.7          19
adaptive_produceProgram                                 67.9           6         135        37.6          19
main                                                 27088.4        2304       63274     18562.5          20
producePartition                                     24254.6        1177       57871     17254.5          20
producePrograms                                       2832.9         490        5771      1455.0          20

Performance Statistics   2014-08-29 00:06:40 - 2014-08-29 00:23:20
Tag                                                  Avg(ms)         Min         Max     Std Dev       Count
Adpative_toProgram2                                     23.6           1         642        36.3         349
adaptive_main                                         3017.7         337        6980      1671.6         100
adaptive_producePartition                             2888.5         332        6874      1636.0         100
adaptive_produceProgram                                128.6           4        1645       282.4         100
main                                                  6049.3         273       19909      4617.9         105
producePartition                                      5060.3         180       17592      4057.4         105
producePrograms                                        988.4          92        3221       638.8         105

Performance Statistics   2014-08-29 00:23:20 - 2014-08-29 00:40:00
Tag                                                  Avg(ms)         Min         Max     Std Dev       Count
Adpative_toProgram2                                     26.4           2          95        17.7          92
adaptive_main                                         7258.2        1355       12812      2987.1          28
adaptive_producePartition                             7039.6        1347       12758      2980.1          28
adaptive_produceProgram                                217.9           8        2325       527.0          28
main                                                 11743.7        1207       25730      7435.8          24
producePartition                                      9881.5         666       21818      6549.6          24
producePrograms                                       1861.4         470        4147      1026.2          24

Performance Statistics   2014-08-29 10:23:20 - 2014-08-29 10:40:00
Tag                                                  Avg(ms)         Min         Max     Std Dev       Count
Adpative_toProgram2                                     15.1           1          52        10.3          33
adaptive_main                                        16022.5        3447       28718      8502.4           8
adaptive_producePartition                            15616.1        3436       28565      8407.3           8
adaptive_produceProgram                                405.8          10        1611       612.9           8
main                                                 14761.7        3699       32960      9005.6           9
producePartition                                     12798.7        2367       28197      7911.0           9
producePrograms                                       1962.2         462        4762      1184.1           9

Performance Statistics   2014-08-29 10:40:00 - 2014-08-29 10:56:40
Tag                                                  Avg(ms)         Min         Max     Std Dev       Count
Adpative_toProgram2                                     23.5           2          87        23.3          31
adaptive_main                                        65272.3        3095      206556     73031.0           7
adaptive_producePartition                            64848.7        3087      204829     72655.5           7
adaptive_produceProgram                                423.0           8        1727       624.6           7
main                                                 14736.1        3809       32556      8969.9           9
producePartition                                     12621.2        2351       27140      7703.9           9
producePrograms                                       2114.1         493        5415      1378.0           9

Performance Statistics   2014-08-29 10:56:40 - 2014-08-29 11:13:20
Tag                                                  Avg(ms)         Min         Max     Std Dev       Count
Adpative_toProgram2                                     32.2           3          76        16.7          58
adaptive_main                                         1238.9         296        1876       475.8          16
adaptive_producePartition                             1156.6         291        1849       457.2          16
adaptive_produceProgram                                 81.6           4         615       159.7          16
main                                                  3015.8         294        7829      1837.8          17
producePartition                                      2427.1         137        7334      1706.1          17
producePrograms                                        588.1         157        1160       237.2          17

Performance Statistics   2014-08-30 10:00:00 - 2014-08-30 10:16:40
Tag                                                  Avg(ms)         Min         Max     Std Dev       Count
Adpative_toProgram2                                     34.8           2         127        22.6          58
adaptive_main                                         2563.4         279       18142      4066.0          16
adaptive_producePartition                             2465.8         270       18091      4068.9          16
adaptive_produceProgram                                 97.2           8         569       165.0          16
main                                                  6894.0        6894        6894         0.0           1
producePartition                                      6420.0        6420        6420         0.0           1
producePrograms                                        472.0         472         472         0.0           1

Performance Statistics   2014-08-30 10:00:00 - 2014-08-30 10:16:40
Tag                                                  Avg(ms)         Min         Max     Std Dev       Count
Adpative_toProgram2                                     21.6           1         259        20.1         565
adaptive_main                                         1898.0         210       18103      2048.0         176
adaptive_producePartition                             1780.3         206       18071      2026.9         176
adaptive_produceProgram                                117.1           4        2035       251.1         176
main                                                  6479.0        6479        6479         0.0           1
producePartition                                      6005.0        6005        6005         0.0           1
producePrograms                                        471.0         471         471         0.0           1

Performance Statistics   2014-08-30 10:16:40 - 2014-08-30 10:33:20
Tag                                                  Avg(ms)         Min         Max     Std Dev       Count
Adpative_toProgram2                                     27.3           2         110        18.6         157
adaptive_main                                         1017.2         218        2057       461.1          51
adaptive_producePartition                              927.0         213        1601       395.8          51
adaptive_produceProgram                                 89.6           4         607       165.6          51
main                                                  6334.0        6334        6334         0.0           1
producePartition                                      5699.0        5699        5699         0.0           1
producePrograms                                        633.0         633         633         0.0           1

Performance Statistics   2014-08-30 10:16:40 - 2014-08-30 10:33:20
Tag                                                  Avg(ms)         Min         Max     Std Dev       Count
main                                                  6102.0        6102        6102         0.0           1
producePartition                                      5674.0        5674        5674         0.0           1
producePrograms                                        426.0         426         426         0.0           1

Performance Statistics   2014-08-30 10:16:40 - 2014-08-30 10:33:20
Tag                                                  Avg(ms)         Min         Max     Std Dev       Count
producePartition                                      6110.0        6110        6110         0.0           1

Performance Statistics   2014-08-30 10:33:20 - 2014-08-30 10:50:00
Tag                                                  Avg(ms)         Min         Max     Std Dev       Count
Adpative_toProgram2                                     20.9           1         140        16.2         499
adaptive_main                                         5699.6         297      129370     12539.2         144
adaptive_producePartition                             5540.8         287      129322     12424.8         144
adaptive_produceProgram                                158.1           5        5214       482.6         144
main                                                  6563.0        6563        6563         0.0           1
producePrograms                                        445.0         445         445         0.0           1

Performance Statistics   2014-09-12 13:33:20 - 2014-09-12 13:50:00
Tag                                                  Avg(ms)         Min         Max     Std Dev       Count
Adpative_toProgram2                                     23.0          23          23         0.0           1
adaptive_main                                         1152.5         701        1604       451.5           2
adaptive_producePartition                             1147.5         696        1599       451.5           2
adaptive_produceProgram                                  4.5           4           5         0.5           2
main                                                  9743.5        2907       16580      6836.5           2
producePartition                                      9528.0        2870       16186      6658.0           2
producePrograms                                        214.0          36         392       178.0           2

Performance Statistics   2014-09-12 13:33:20 - 2014-09-12 13:50:00
Tag                                                  Avg(ms)         Min         Max     Std Dev       Count
main                                                 10273.9           3       48213     16285.9          30
producePartition                                      9617.8           0       47958     16213.1          30
producePrograms                                        655.2           2        2015       485.3          30
toProgram1                                              21.8           0         207        30.3          66

Performance Statistics   2014-09-12 13:50:00 - 2014-09-12 14:06:40
Tag                                                  Avg(ms)         Min         Max     Std Dev       Count
main                                                  3321.8           1      103921     12827.2         184
producePartition                                      4148.0           0      268041     23130.5         185
producePrograms                                        607.3           1        6373       949.2         184
toProgram1                                              30.9           0         649        61.2         364

Performance Statistics   2014-09-12 14:06:40 - 2014-09-12 14:23:20
Tag                                                  Avg(ms)         Min         Max     Std Dev       Count
Adpative_toProgram2                                   1413.2           2       24610      5280.7          30
adaptive_main                                         1078.4           2       24971      3642.2          66
adaptive_producePartition                              717.7           0       24716      3638.9          66
adaptive_produceProgram                                360.0           1        1362       372.6          66
main                                                 40679.0           3      268721     80540.2          20
producePartition                                     27974.5           0      253780     62420.4          19
producePrograms                                        700.4           2        2048       576.8          20
toProgram1                                              18.3           0          67        19.6          38

Performance Statistics   2014-09-12 14:23:20 - 2014-09-12 14:40:00
Tag                                                  Avg(ms)         Min         Max     Std Dev       Count
Adpative_toProgram2                                   2464.3           0       49750      8372.9          75
adaptive_main                                         2875.8           1      134800     15551.1         126
adaptive_producePartition                             1584.3           0      134231     12660.6         126
adaptive_produceProgram                               1290.8           1       96394      9082.2         126

Performance Statistics   2014-09-13 09:00:00 - 2014-09-13 09:16:40
Tag                                                  Avg(ms)         Min         Max     Std Dev       Count
Adpative_toProgram2                                      4.3           2          11         3.9           4
adaptive_main                                          598.2         134        1484       456.6           6
adaptive_producePartition                              437.5          39        1479       498.6           6
adaptive_produceProgram                                160.2           1         412       166.7           6
main                                                  1884.2         552        5829      1795.2           6
producePartition                                      1324.0         196        5477      1877.4           6
producePrograms                                        559.2          15        1283       505.5           6
toProgram1                                              41.3          19          65        16.8           8

Performance Statistics   2014-09-13 09:00:00 - 2014-09-13 09:16:40
Tag                                                  Avg(ms)         Min         Max     Std Dev       Count
Adpative_toProgram2                                      4.3           1          12         4.5           4
adaptive_main                                          510.7          96        1232       374.9           6
adaptive_producePartition                              359.2          40        1226       411.7           6
adaptive_produceProgram                                150.7           1         401       157.7           6
main                                                  1110.7          95        5220      1297.0          12
producePartition                                       742.9          53        4883      1287.5          12
producePrograms                                        366.6           8        1230       405.2          12
toProgram1                                              27.3          16          48         9.4          16

Performance Statistics   2014-09-13 09:00:00 - 2014-09-13 09:16:40
Tag                                                  Avg(ms)         Min         Max     Std Dev       Count
Adpative_toProgram2                                     29.0          29          29         0.0           1
adaptive_main                                         1267.5         524        2011       743.5           2
adaptive_producePartition                             1261.0         520        2002       741.0           2
adaptive_produceProgram                                  6.0           3           9         3.0           2
main                                                  2680.0         487        6765      2423.2           4
producePartition                                      2579.5         473        6486      2319.7           4
producePrograms                                         99.0          13         276       103.5           4

Performance Statistics   2014-09-13 09:16:40 - 2014-09-13 09:33:20
Tag                                                  Avg(ms)         Min         Max     Std Dev       Count
Adpative_toProgram2                                     38.6           0          98        27.4           8
adaptive_main                                          862.0          93        1657       541.0           6
adaptive_producePartition                              480.2          88         990       361.4           6
adaptive_produceProgram                                381.0           4         751       222.3           6
main                                                 10638.7          81       60396     14992.6          44
producePartition                                      8380.7          54       56659     14326.8          44
producePrograms                                       2257.4          27        4914      1191.7          44
toProgram1                                              73.7           2         575       101.5         146

Performance Statistics   2014-09-18 13:10:00 - 2014-09-18 13:26:40
Tag                                                  Avg(ms)         Min         Max     Std Dev       Count
Adpative_toProgram2                                  17440.7         154       51639     24182.4           3
adaptive_main                                        26791.0        2147       52194     22954.9           4
adaptive_producePartition                            14826.0         627       51920     21509.2           4
adaptive_produceProgram                              11963.8          20       46458     19919.3           4

Performance Statistics   2014-09-18 13:10:00 - 2014-09-18 13:26:40
Tag                                                  Avg(ms)         Min         Max     Std Dev       Count
Adpative_toProgram2                                    466.0         466         466         0.0           1
adaptive_main                                        22665.5        5181       40150     17484.5           2
adaptive_producePartition                            22119.5        5170       39069     16949.5           2
adaptive_produceProgram                                544.5           9        1080       535.5           2

Performance Statistics   2014-09-18 13:26:40 - 2014-09-18 13:43:20
Tag                                                  Avg(ms)         Min         Max     Std Dev       Count
Adpative_toProgram2                                  80273.0         477      160069     79796.0           2
adaptive_main                                        55967.7        2159      160797     74134.3           3
adaptive_producePartition                            55366.7         832      160335     74242.7           3
adaptive_produceProgram                                599.3          11        1326       545.7           3

Performance Statistics   2014-09-18 13:43:20 - 2014-09-18 14:00:00
Tag                                                  Avg(ms)         Min         Max     Std Dev       Count
Adpative_toProgram2                                    487.0         487         487         0.0           1
adaptive_main                                       383587.0      383587      383587         0.0           1
adaptive_producePartition                            99929.0       99929       99929         0.0           1
adaptive_produceProgram                             283657.0      283657      283657         0.0           1

Performance Statistics   2014-09-18 14:00:00 - 2014-09-18 14:16:40
Tag                                                  Avg(ms)         Min         Max     Std Dev       Count
Adpative_toProgram2                                  51770.7         472      154342     72528.9           3
adaptive_main                                       114900.8        2306      291452    118805.7           4
adaptive_producePartition                            44697.5         888      154689     63662.3           4
adaptive_produceProgram                              70202.3          64      278411    120210.4           4

Performance Statistics   2014-09-18 14:00:00 - 2014-09-18 14:16:40
Tag                                                  Avg(ms)         Min         Max     Std Dev       Count
Adpative_toProgram2                                  53061.7         493      158175     74326.4           3
adaptive_main                                        55314.3        1883      158976     73311.5           3
adaptive_producePartition                            44034.0         745      158451     66177.7           4
adaptive_produceProgram                                558.3          14        1137       459.1           3

Performance Statistics   2014-09-18 14:33:20 - 2014-09-18 14:50:00
Tag                                                  Avg(ms)         Min         Max     Std Dev       Count
Adpative_toProgram2                                  45681.3         359      136190     63999.3           3
adaptive_main                                        99967.8        1578      257056    105900.7           4
adaptive_producePartition                            35580.5         615      136472     58268.4           4
adaptive_produceProgram                              64386.3           7      256173    110728.7           4

Performance Statistics   2014-09-18 14:33:20 - 2014-09-18 14:50:00
Tag                                                  Avg(ms)         Min         Max     Std Dev       Count
adaptive_producePartition                           112970.0      112970      112970         0.0           1

Performance Statistics   2014-09-18 14:50:00 - 2014-09-18 15:06:40
Tag                                                  Avg(ms)         Min         Max     Std Dev       Count
Adpative_toProgram2                                  49707.7         418      148218     69657.3           3
adaptive_main                                       161230.8        1676      312884    115608.4           4
adaptive_producePartition                            86272.0         668      214587     92406.7           3
adaptive_produceProgram                              68282.8         461      269322    116072.1           4

Performance Statistics   2014-09-18 15:23:20 - 2014-09-18 15:40:00
Tag                                                  Avg(ms)         Min         Max     Std Dev       Count
Adpative_toProgram2                                  56946.7         419      169846     79831.9           3
adaptive_main                                       120715.5        1774      305112    126462.7           4
adaptive_producePartition                            45427.8         680      170145     72031.9           4
adaptive_produceProgram                              75286.5          23      299484    129441.0           4

Performance Statistics   2014-09-18 15:40:00 - 2014-09-18 15:56:40
Tag                                                  Avg(ms)         Min         Max     Std Dev       Count
Adpative_toProgram2                                  52864.7         470      157625     74076.7           3
adaptive_main                                       131467.5        5581      340344    134423.9           4
adaptive_producePartition                            55740.8         729      157907     63229.4           4
adaptive_produceProgram                              75726.0          22      281573    119142.9           4

Performance Statistics   2014-09-18 15:40:00 - 2014-09-18 15:56:40
Tag                                                  Avg(ms)         Min         Max     Std Dev       Count
Adpative_toProgram2                                  51420.3         365      152915     71768.0           3
adaptive_main                                       111835.8        1691      286360    117963.1           4
adaptive_producePartition                            42108.5         608      153353     64296.1           4
adaptive_produceProgram                              69726.8          16      277360    119877.7           4

Performance Statistics   2014-09-19 14:26:40 - 2014-09-19 14:43:20
Tag                                                  Avg(ms)         Min         Max     Std Dev       Count
Adpative_toProgram2                                  76103.5         367      151840     75736.5           2
adaptive_main                                        22153.0        6734       37572     15419.0           2
adaptive_producePartition                            53294.3         734      152449     70155.2           3
adaptive_produceProgram                              18435.0          32       36838     18403.0           2

Performance Statistics   2014-09-19 14:43:20 - 2014-09-19 15:00:00
Tag                                                  Avg(ms)         Min         Max     Std Dev       Count
adaptive_main                                       152894.0      152894      152894         0.0           1
adaptive_produceProgram                                444.0         444         444         0.0           1

Performance Statistics   2014-09-19 15:00:00 - 2014-09-19 15:16:40
Tag                                                  Avg(ms)         Min         Max     Std Dev       Count
Adpative_toProgram2                                    436.0         436         436         0.0           1
adaptive_main                                      1516399.0     1516399     1516399         0.0           1
adaptive_producePartition                          1255209.0     1255209     1255209         0.0           1
adaptive_produceProgram                             261190.0      261190      261190         0.0           1

Performance Statistics   2014-09-19 15:00:00 - 2014-09-19 15:16:40
Tag                                                  Avg(ms)         Min         Max     Std Dev       Count
Adpative_toProgram2                                  69533.0         420      138646     69113.0           2
adaptive_main                                         8097.5        2112       14083      5985.5           2
adaptive_producePartition                            51309.7         787      139071     62293.2           3
adaptive_produceProgram                                667.0          10        1324       657.0           2

Performance Statistics   2014-09-19 15:16:40 - 2014-09-19 15:33:20
Tag                                                  Avg(ms)         Min         Max     Std Dev       Count
Adpative_toProgram2                                    558.0         558         558         0.0           1
adaptive_main                                       193600.0      139495      247705     54105.0           2
adaptive_producePartition                              900.0         900         900         0.0           1
adaptive_produceProgram                             123613.5         423      246804    123190.5           2

Performance Statistics   2014-09-24 15:00:00 - 2014-09-24 15:16:40
Tag                                                  Avg(ms)         Min         Max     Std Dev       Count
Adpative_toProgram2                                  45559.0         434      133973     62522.6           3
adaptive_main                                        98742.0        5159      248321    101294.6           4
adaptive_producePartition                            36137.5         750      134910     57048.3           4
adaptive_produceProgram                              62603.8          25      247571    106794.7           4

Performance Statistics   2014-09-24 15:50:00 - 2014-09-24 16:06:40
Tag                                                  Avg(ms)         Min         Max     Std Dev       Count
Adpative_toProgram2                                  18968.1          64      130381     45484.5           7
adaptive_main                                        23806.0        1487      131080     47990.3           6
adaptive_producePartition                            23309.5         511      130596     48002.8           6
adaptive_produceProgram                                496.0           7         988       284.1           6

Performance Statistics   2014-09-24 15:50:00 - 2014-09-24 16:06:40
Tag                                                  Avg(ms)         Min         Max     Std Dev       Count
Adpative_toProgram2                                     36.1           0          88        22.9          20
adaptive_main                                         2700.1         991        5489      1521.3           9
adaptive_producePartition                             1638.1         288        5465      1514.7           9
adaptive_produceProgram                               1061.1          22        2217       712.0           9

Performance Statistics   2014-09-24 16:06:40 - 2014-09-24 16:23:20
Tag                                                  Avg(ms)         Min         Max     Std Dev       Count
Adpative_toProgram2                                     54.0          25         111        33.6           4
adaptive_main                                         8952.0        8952        8952         0.0           1
adaptive_producePartition                             5554.0        5554        5554         0.0           1
adaptive_produceProgram                               3398.0        3398        3398         0.0           1

Performance Statistics   2014-09-24 16:06:40 - 2014-09-24 16:23:20
Tag                                                  Avg(ms)         Min         Max     Std Dev       Count
Adpative_toProgram2                                     59.4           0         171        46.7          24
adaptive_main                                         3216.9        1223        6578      1771.8          10
adaptive_producePartition                             1890.3         366        6544      1776.5          10
adaptive_produceProgram                               1325.8          32        2739       741.5          10

Performance Statistics   2014-09-24 16:06:40 - 2014-09-24 16:23:20
Tag                                                  Avg(ms)         Min         Max     Std Dev       Count
Adpative_toProgram2                                     42.0           0         118        29.2          24
adaptive_main                                         2900.4         947        6904      1723.7          10
adaptive_producePartition                             1789.4         333        6867      1754.1          11
adaptive_produceProgram                               1216.8          34        2600       767.1          10

Performance Statistics   2014-09-24 16:06:40 - 2014-09-24 16:23:20
Tag                                                  Avg(ms)         Min         Max     Std Dev       Count
Adpative_toProgram2                                    189.6           0        3877       753.1          25
adaptive_main                                         3983.4         904        8191      2307.3          14
adaptive_producePartition                             2386.0         351        6190      1899.6          14
adaptive_produceProgram                               1596.4          21        3107       916.7          14

Performance Statistics   2014-09-24 16:23:20 - 2014-09-24 16:40:00
Tag                                                  Avg(ms)         Min         Max     Std Dev       Count
Adpative_toProgram2                                    573.6           0       30694      4025.2          57
adaptive_main                                        15638.6        7113       43364     11422.4           8
adaptive_producePartition                            12490.4        3881       40194     11336.1           8
adaptive_produceProgram                               3147.5        2446        3843       373.9           8

Performance Statistics   2014-09-29 11:40:00 - 2014-09-29 11:56:40
Tag                                                  Avg(ms)         Min         Max     Std Dev       Count
Adpative_toProgram2                                     71.0           3         322       112.8           6
adaptive_main                                         1647.6         558        5390      1588.5           7
adaptive_producePartition                             1053.9         125        5373      1778.8           7
adaptive_produceProgram                                592.6          15         967       329.5           7

Performance Statistics   2014-09-29 11:40:00 - 2014-09-29 11:56:40
Tag                                                  Avg(ms)         Min         Max     Std Dev       Count
main                                                  4430.0        4430        4430         0.0           1
producePartition                                      4176.0        4176        4176         0.0           1
producePrograms                                        252.0         252         252         0.0           1

Performance Statistics   2014-09-29 11:56:40 - 2014-09-29 12:13:20
Tag                                                  Avg(ms)         Min         Max     Std Dev       Count
main                                                 32701.4          36      411442     95271.6          18
producePartition                                     55991.2           3      493028    138590.1          19
producePrograms                                        989.4          32        2184       519.1          18
toProgram1                                              66.3           6         282        74.2          40

Performance Statistics   2014-09-29 12:13:20 - 2014-09-29 12:30:00
Tag                                                  Avg(ms)         Min         Max     Std Dev       Count
main                                                  8211.1           2      493841     58493.0          70
producePartition                                      3447.9           0      206493     24476.9          70
producePrograms                                        669.2           2        3072       674.1          70
toProgram1                                              61.8           0         569       108.4         162

Performance Statistics   2014-09-29 12:30:00 - 2014-09-29 12:46:40
Tag                                                  Avg(ms)         Min         Max     Std Dev       Count
main                                                 24737.4           7      493805     87276.2          36
producePartition                                     19805.0           0      492926     82447.9          36
producePrograms                                       1483.5           7        4589      1333.6          36
toProgram1                                             174.4           0        1548       274.8          86

Performance Statistics   2014-09-29 12:46:40 - 2014-09-29 13:03:20
Tag                                                  Avg(ms)         Min         Max     Std Dev       Count
main                                                  8135.0           3      170993     28864.9          65
producePartition                                      5760.5           0      161694     25902.5          64
producePrograms                                       1195.5           2        9298      1754.2          65
toProgram1                                             198.2           0        2628       394.1         120

Performance Statistics   2014-09-29 13:03:20 - 2014-09-29 13:20:00
Tag                                                  Avg(ms)         Min         Max     Std Dev       Count
producePartition                                   1394026.0     1394026     1394026         0.0           1

Performance Statistics   2014-09-29 13:20:00 - 2014-09-29 13:36:40
Tag                                                  Avg(ms)         Min         Max     Std Dev       Count
Adpative_toProgram2                                   5224.3          14      216477     30396.6          51
adaptive_main                                         8228.8           5      216991     34015.9          40
adaptive_producePartition                             6952.1           0      216659     34166.6          40
adaptive_produceProgram                               1276.1           5        4005      1084.7          40
main                                                100725.9          13     1395977    359238.7          14
producePartition                                       233.8           0         756       230.1          13
producePrograms                                        934.9          13        1951       564.1          14
toProgram1                                              90.5           0         358        85.2          26

Performance Statistics   2014-10-17 17:10:00 - 2014-10-17 17:26:40
Tag                                                  Avg(ms)         Min         Max     Std Dev       Count
adaptive_main                                            8.0           8           8         0.0           1
adaptive_producePartition                                4.0           4           4         0.0           1
adaptive_produceProgram                                  3.0           3           3         0.0           1
main                                                  5330.0        5330        5330         0.0           1
producePartition                                         6.0           6           6         0.0           1
producePrograms                                       5322.0        5322        5322         0.0           1

